<?xml version="1.0" encoding="UTF-8"?>
<testng-results skipped="0" failed="0" ignored="0" total="1" passed="1">
  <reporter-output>
  </reporter-output>
  <suite name="Default suite" duration-ms="89096" started-at="2020-02-07T14:09:37Z" finished-at="2020-02-07T14:11:06Z">
    <groups>
    </groups>
    <test name="Default test" duration-ms="89096" started-at="2020-02-07T14:09:37Z" finished-at="2020-02-07T14:11:06Z">
      <class name="CareCare">
        <test-method status="PASS" signature="FillOnBoardingForm()[pri:0, instance:CareCare@5622fdf]" name="FillOnBoardingForm" duration-ms="89044" started-at="2020-02-07T14:09:37Z" finished-at="2020-02-07T14:11:06Z">
          <reporter-output>
          </reporter-output>
        </test-method> <!-- FillOnBoardingForm -->
      </class> <!-- CareCare -->
    </test> <!-- Default test -->
  </suite> <!-- Default suite -->
</testng-results>
